c:\users\user\documents\sem6\wzr\lab\lab1\sandbox\server\debug\vc142.pdb
c:\users\user\documents\sem6\wzr\lab\lab1\sandbox\server\debug\vc142.idb
c:\users\user\documents\sem6\wzr\lab\lab1\sandbox\server\debug\vector3d.obj
c:\users\user\documents\sem6\wzr\lab\lab1\sandbox\server\debug\quaternion.obj
c:\users\user\documents\sem6\wzr\lab\lab1\sandbox\server\debug\objects.obj
c:\users\user\documents\sem6\wzr\lab\lab1\sandbox\server\debug\server.obj
c:\users\user\documents\sem6\wzr\lab\lab1\sandbox\server\debug\graphics.obj
c:\users\user\documents\sem6\wzr\lab\lab1\sandbox\server\debug\server.pdb
c:\users\user\documents\sem6\wzr\lab\lab1\sandbox\server\debug\server.tlog\cl.command.1.tlog
c:\users\user\documents\sem6\wzr\lab\lab1\sandbox\server\debug\server.tlog\cl.read.1.tlog
c:\users\user\documents\sem6\wzr\lab\lab1\sandbox\server\debug\server.tlog\cl.write.1.tlog
c:\users\user\documents\sem6\wzr\lab\lab1\sandbox\server\debug\server.tlog\link-cvtres.read.1.tlog
c:\users\user\documents\sem6\wzr\lab\lab1\sandbox\server\debug\server.tlog\link-cvtres.write.1.tlog
c:\users\user\documents\sem6\wzr\lab\lab1\sandbox\server\debug\server.tlog\link-rc.read.1.tlog
c:\users\user\documents\sem6\wzr\lab\lab1\sandbox\server\debug\server.tlog\link-rc.write.1.tlog
c:\users\user\documents\sem6\wzr\lab\lab1\sandbox\server\debug\server.tlog\link.28208-cvtres.read.1.tlog
c:\users\user\documents\sem6\wzr\lab\lab1\sandbox\server\debug\server.tlog\link.28208-cvtres.write.1.tlog
c:\users\user\documents\sem6\wzr\lab\lab1\sandbox\server\debug\server.tlog\link.28208-rc.read.1.tlog
c:\users\user\documents\sem6\wzr\lab\lab1\sandbox\server\debug\server.tlog\link.28208-rc.write.1.tlog
c:\users\user\documents\sem6\wzr\lab\lab1\sandbox\server\debug\server.tlog\link.28208.read.1.tlog
c:\users\user\documents\sem6\wzr\lab\lab1\sandbox\server\debug\server.tlog\link.28208.write.1.tlog
c:\users\user\documents\sem6\wzr\lab\lab1\sandbox\server\debug\server.tlog\link.command.1.tlog
c:\users\user\documents\sem6\wzr\lab\lab1\sandbox\server\debug\server.tlog\link.read.1.tlog
c:\users\user\documents\sem6\wzr\lab\lab1\sandbox\server\debug\server.tlog\link.write.1.tlog
